<?xml version="1.0" encoding="UTF-8"?>
<!-- Generated by org.testng.reporters.JUnitXMLReporter -->
<testsuite hostname="Lenovo-PC" ignored="0" name="Test" tests="28" failures="1" timestamp="12 Nov 2019 12:34:28 GMT" time="706.47" errors="0">
  <testcase name="@BeforeMethod setup" time="0.0" classname="com.ocr.qa.tests.PatientspageTest">
    <failure type="org.openqa.selenium.ElementClickInterceptedException" message="element click intercepted: Element &amp;lt;img src=&amp;quot;/Content/Dashboard/images/logo.png&amp;quot; alt=&amp;quot;RecordLink&amp;quot; class=&amp;quot;img-responsive center-block&amp;quot;&amp;gt; is not clickable at point (87, 42). Other element would receive the click: &amp;lt;div id=&amp;quot;divLoading&amp;quot; class=&amp;quot;Loaddiv unselectable&amp;quot; unselectable=&amp;quot;on&amp;quot; style=&amp;quot;display: block;&amp;quot;&amp;gt;...&amp;lt;/div&amp;gt;
  (Session info: chrome=78.0.3904.97)
Build info: version: &amp;apos;3.8.1&amp;apos;, revision: &amp;apos;6e95a6684b&amp;apos;, time: &amp;apos;2017-12-01T19:05:32.194Z&amp;apos;
System info: host: &amp;apos;LENOVO-PC&amp;apos;, ip: &amp;apos;192.165.1.120&amp;apos;, os.name: &amp;apos;Windows 8.1&amp;apos;, os.arch: &amp;apos;amd64&amp;apos;, os.version: &amp;apos;6.3&amp;apos;, java.version: &amp;apos;1.8.0_121&amp;apos;
Driver info: org.openqa.selenium.chrome.ChromeDriver
Capabilities {acceptInsecureCerts: false, browserName: chrome, browserVersion: 78.0.3904.97, chrome: {chromedriverVersion: 78.0.3904.70 (edb9c9f3de024..., userDataDir: C:\Users\SQELAB~1\AppData\L...}, goog:chromeOptions: {debuggerAddress: localhost:51544}, javascriptEnabled: true, networkConnectionEnabled: false, pageLoadStrategy: normal, platform: XP, platformName: XP, proxy: Proxy(), setWindowRect: true, strictFileInteractability: false, timeouts: {implicit: 0, pageLoad: 300000, script: 30000}, unhandledPromptBehavior: dismiss and notify}
Session ID: f38306b26f56eaff95b169ad9de27d5e">
      <![CDATA[org.openqa.selenium.ElementClickInterceptedException: element click intercepted: Element <img src="/Content/Dashboard/images/logo.png" alt="RecordLink" class="img-responsive center-block"> is not clickable at point (87, 42). Other element would receive the click: <div id="divLoading" class="Loaddiv unselectable" unselectable="on" style="display: block;">...</div>
  (Session info: chrome=78.0.3904.97)
Build info: version: '3.8.1', revision: '6e95a6684b', time: '2017-12-01T19:05:32.194Z'
System info: host: 'LENOVO-PC', ip: '192.165.1.120', os.name: 'Windows 8.1', os.arch: 'amd64', os.version: '6.3', java.version: '1.8.0_121'
Driver info: org.openqa.selenium.chrome.ChromeDriver
Capabilities {acceptInsecureCerts: false, browserName: chrome, browserVersion: 78.0.3904.97, chrome: {chromedriverVersion: 78.0.3904.70 (edb9c9f3de024..., userDataDir: C:\Users\SQELAB~1\AppData\L...}, goog:chromeOptions: {debuggerAddress: localhost:51544}, javascriptEnabled: true, networkConnectionEnabled: false, pageLoadStrategy: normal, platform: XP, platformName: XP, proxy: Proxy(), setWindowRect: true, strictFileInteractability: false, timeouts: {implicit: 0, pageLoad: 300000, script: 30000}, unhandledPromptBehavior: dismiss and notify}
Session ID: f38306b26f56eaff95b169ad9de27d5e
	at org.openqa.selenium.remote.http.W3CHttpResponseCodec.createException(W3CHttpResponseCodec.java:187)
	at org.openqa.selenium.remote.http.W3CHttpResponseCodec.decode(W3CHttpResponseCodec.java:122)
	at org.openqa.selenium.remote.http.W3CHttpResponseCodec.decode(W3CHttpResponseCodec.java:49)
	at org.openqa.selenium.remote.HttpCommandExecutor.execute(HttpCommandExecutor.java:164)
	at org.openqa.selenium.remote.service.DriverCommandExecutor.execute(DriverCommandExecutor.java:83)
	at org.openqa.selenium.remote.RemoteWebDriver.execute(RemoteWebDriver.java:601)
	at org.openqa.selenium.remote.RemoteWebElement.execute(RemoteWebElement.java:279)
	at org.openqa.selenium.remote.RemoteWebElement.click(RemoteWebElement.java:83)
	at org.openqa.selenium.support.pagefactory.internal.LocatingElementHandler.invoke(LocatingElementHandler.java:51)
	at com.sun.proxy.$Proxy10.click(Unknown Source)
	at com.ocr.qa.pages.Dashboardpage.clickonlogo(Dashboardpage.java:101)
	at com.ocr.qa.tests.PatientspageTest.setup(PatientspageTest.java:54)
... Removed 34 stack frames]]>
    </failure>
  </testcase> <!-- @BeforeMethod setup -->
  <testcase name="@AfterMethod quit" time="0.0" classname="com.ocr.qa.tests.PatientspageTest">
    <skipped/>
  </testcase> <!-- @AfterMethod quit -->
  <testcase name="@BeforeMethod setup" time="0.0" classname="com.ocr.qa.tests.PatientspageTest">
    <skipped/>
  </testcase> <!-- @BeforeMethod setup -->
  <testcase name="@AfterMethod quit" time="0.0" classname="com.ocr.qa.tests.PatientspageTest">
    <skipped/>
  </testcase> <!-- @AfterMethod quit -->
  <testcase name="@BeforeMethod setup" time="0.0" classname="com.ocr.qa.tests.PatientspageTest">
    <skipped/>
  </testcase> <!-- @BeforeMethod setup -->
  <testcase name="@AfterMethod quit" time="0.0" classname="com.ocr.qa.tests.PatientspageTest">
    <skipped/>
  </testcase> <!-- @AfterMethod quit -->
  <testcase name="@BeforeMethod setup" time="0.0" classname="com.ocr.qa.tests.PatientspageTest">
    <skipped/>
  </testcase> <!-- @BeforeMethod setup -->
  <testcase name="@AfterMethod quit" time="0.0" classname="com.ocr.qa.tests.PatientspageTest">
    <skipped/>
  </testcase> <!-- @AfterMethod quit -->
  <testcase name="@BeforeMethod setup" time="0.0" classname="com.ocr.qa.tests.PatientspageTest">
    <skipped/>
  </testcase> <!-- @BeforeMethod setup -->
  <testcase name="@AfterMethod quit" time="0.0" classname="com.ocr.qa.tests.PatientspageTest">
    <skipped/>
  </testcase> <!-- @AfterMethod quit -->
  <testcase name="@BeforeMethod setup" time="0.0" classname="com.ocr.qa.tests.PatientspageTest">
    <skipped/>
  </testcase> <!-- @BeforeMethod setup -->
  <testcase name="@AfterMethod quit" time="0.0" classname="com.ocr.qa.tests.PatientspageTest">
    <skipped/>
  </testcase> <!-- @AfterMethod quit -->
  <testcase name="@BeforeMethod setup" time="0.0" classname="com.ocr.qa.tests.PatientspageTest">
    <skipped/>
  </testcase> <!-- @BeforeMethod setup -->
  <testcase name="@AfterMethod quit" time="0.0" classname="com.ocr.qa.tests.PatientspageTest">
    <skipped/>
  </testcase> <!-- @AfterMethod quit -->
  <testcase name="VerifyThatOCR_ImageLogoAppearsOnTheHeader_Of_DashboardPage" time="0.116" classname="com.ocr.qa.tests.DashboardpageTest"/>
  <testcase name="VerifyThatPatientsPage_OpensUpOnClickingPatients_LinkOnTheHeader" time="0.048" classname="com.ocr.qa.tests.PatientspageTest"/>
  <testcase name="VerifyThat_SignInToOneClickReferral_TitleAppearsOnLoginPage" time="1.088" classname="com.ocr.qa.tests.LoginpageTest"/>
  <testcase name="VerifyThatSelectWhoYouAre_PageOpensUp" time="0.016" classname="com.ocr.qa.tests.SelectWhoAreYouPageTest"/>
  <testcase name="VerifyThatUsername_AppearsOnTheHeader_Of_DashboardPage" time="0.07" classname="com.ocr.qa.tests.DashboardpageTest"/>
  <testcase name="VerifyThatDentistIsAbleToSortTheRecords_OnClickingFirstNameLastName_SortingIconsOnPatientPage" time="20.765" classname="com.ocr.qa.tests.PatientspageTest"/>
  <testcase name="VerifyThatOCR_LogoAppearsOnLoginPage" time="0.044" classname="com.ocr.qa.tests.LoginpageTest"/>
  <testcase name="SelectWhoYouAre_PageLogoImage_Test" time="0.076" classname="com.ocr.qa.tests.SelectWhoAreYouPageTest"/>
  <testcase name="VerifyThatCorrect_PatientsTabName_AppearsOnTheHeader_Of_DashboardPage" time="0.045" classname="com.ocr.qa.tests.DashboardpageTest"/>
  <testcase name="VerifyThatPatientDetailsAppearOnEntering_ExistingDetailsInSearchField_OnPatientPage" time="5.45" classname="com.ocr.qa.tests.PatientspageTest"/>
  <testcase name="Loginwith_Valid_Credentials_Test" time="9.472" classname="com.ocr.qa.tests.LoginpageTest"/>
  <testcase name="VerifyThatCorrectInformationMessageAppearsOn_EnteringNonExistingDetailsInSearchField" time="2.303" classname="com.ocr.qa.tests.SelectWhoAreYouPageTest"/>
  <testcase name="VerifyThatCorrect_ReferralsTabName_AppearsOnTheHeader_Of_DashboardPage" time="0.099" classname="com.ocr.qa.tests.DashboardpageTest"/>
  <testcase name="VerifyThatPatientHistory_PageOpensUp_OnClickingAnyPatientName" time="14.48" classname="com.ocr.qa.tests.PatientspageTest"/>
  <testcase name="VerifyThatRecordlincForgotPasswordPageOpensUp_OnClickingForgotPasswordLink_OnLoginPage" time="3.144" classname="com.ocr.qa.tests.LoginpageTest"/>
  <testcase name="VerifyThatDentistNameAppearsOn_EnteringExistingDetailsInSearchField" time="9.807" classname="com.ocr.qa.tests.SelectWhoAreYouPageTest"/>
  <testcase name="VerifyThatCorrect_ColleaguesTabName_AppearsOnTheHeader_Of_DashboardPage" time="0.044" classname="com.ocr.qa.tests.DashboardpageTest"/>
  <testcase name="VerifyThatRecordlinc_SignUpPageOpensUpOnClicking_SignUplink" time="13.563" classname="com.ocr.qa.tests.SelectWhoAreYouPageTest">
    <failure type="junit.framework.ComparisonFailure" message="TITLE MISMATCH expected:&amp;lt;Sign Up&amp;gt; but was:&amp;lt;Pricing - One Click Referral&amp;gt;">
      <![CDATA[junit.framework.ComparisonFailure: TITLE MISMATCH expected:<Sign Up> but was:<Pricing - One Click Referral>
	at junit.framework.Assert.assertEquals(Assert.java:81)
	at com.ocr.qa.tests.SelectWhoAreYouPageTest.VerifyThatRecordlinc_SignUpPageOpensUpOnClicking_SignUplink(SelectWhoAreYouPageTest.java:93)
... Removed 25 stack frames]]>
    </failure>
  </testcase> <!-- VerifyThatRecordlinc_SignUpPageOpensUpOnClicking_SignUplink -->
  <testcase name="VerifyThatPatientsPage_OpensUpOnClicking_BackButtonUnderPatientHistoryPage" time="16.4" classname="com.ocr.qa.tests.PatientspageTest"/>
  <testcase name="VerifyInsuranceNotVerified_IconIsNot_Functional" time="10.128" classname="com.ocr.qa.tests.PatientspageTest"/>
  <testcase name="VerifyThatLoginPageOpensUp_OnClickingLOGINlink" time="4.953" classname="com.ocr.qa.tests.SelectWhoAreYouPageTest"/>
  <testcase name="VerifyThatUserIsAbleToSendPatientForm_OnClickingSendPatientFormOption_UnderSelectActionDropDownOnPatientsPage" time="0.0" classname="com.ocr.qa.tests.PatientspageTest">
    <skipped/>
  </testcase> <!-- VerifyThatUserIsAbleToSendPatientForm_OnClickingSendPatientFormOption_UnderSelectActionDropDownOnPatientsPage -->
  <testcase name="VerifyThatConfirmationMessageAppears_OnClickingDeleteOption_UnderSelectActionDropDown" time="0.0" classname="com.ocr.qa.tests.PatientspageTest">
    <skipped/>
  </testcase> <!-- VerifyThatConfirmationMessageAppears_OnClickingDeleteOption_UnderSelectActionDropDown -->
  <testcase name="VerifyThatUserIsAbleToDeletePatient_OnClickingYesButton_UnderConfirmationMessage" time="0.0" classname="com.ocr.qa.tests.PatientspageTest">
    <skipped/>
  </testcase> <!-- VerifyThatUserIsAbleToDeletePatient_OnClickingYesButton_UnderConfirmationMessage -->
  <testcase name="ValidationMessageAppears_OnDeleting_ReferredByPatient" time="0.001" classname="com.ocr.qa.tests.PatientspageTest">
    <skipped/>
  </testcase> <!-- ValidationMessageAppears_OnDeleting_ReferredByPatient -->
  <testcase name="VerifyThatEditPatientPage_OpensUpOnClickingEditPatient_OptionInSelectActionDropdown" time="0.0" classname="com.ocr.qa.tests.PatientspageTest">
    <skipped/>
  </testcase> <!-- VerifyThatEditPatientPage_OpensUpOnClickingEditPatient_OptionInSelectActionDropdown -->
  <testcase name="VerifyThatPatientsPage_OpensUpOnClicking_BackButtonUnderEditPatientPage" time="0.002" classname="com.ocr.qa.tests.PatientspageTest">
    <skipped/>
  </testcase> <!-- VerifyThatPatientsPage_OpensUpOnClicking_BackButtonUnderEditPatientPage -->
  <testcase name="VerifyThatAddPatientPage_OpensUpOnClickingAddPatient_OptionOnPatientsPage" time="0.003" classname="com.ocr.qa.tests.PatientspageTest">
    <skipped/>
  </testcase> <!-- VerifyThatAddPatientPage_OpensUpOnClickingAddPatient_OptionOnPatientsPage -->
</testsuite> <!-- Test -->
