<?xml version="1.0" encoding="UTF-8"?>
<!-- Generated by org.testng.reporters.JUnitXMLReporter -->
<testsuite hostname="DESKTOP-Q496GAK" ignored="0" name="Default test" tests="6" failures="0" timestamp="28 Aug 2020 10:03:25 GMT" time="4.71" errors="0">
  <testcase name="@BeforeMethod SelectWhoAreYouPage_SetupMethod" time="4.543" classname="com.ocr.qa.tests.SelectWhoAreYouPageTest">
    <failure type="org.openqa.selenium.SessionNotCreatedException" message="session not created: This version of ChromeDriver only supports Chrome version 83
Build info: version: &amp;apos;3.141.59&amp;apos;, revision: &amp;apos;e82be7d358&amp;apos;, time: &amp;apos;2018-11-14T08:25:53&amp;apos;
System info: host: &amp;apos;DESKTOP-Q496GAK&amp;apos;, ip: &amp;apos;172.16.5.137&amp;apos;, os.name: &amp;apos;Windows 10&amp;apos;, os.arch: &amp;apos;amd64&amp;apos;, os.version: &amp;apos;10.0&amp;apos;, java.version: &amp;apos;1.8.0_201&amp;apos;
Driver info: driver.version: ChromeDriver
remote stacktrace: Backtrace:
	Ordinal0 [0x00A49563+2725219]
	Ordinal0 [0x00948551+1672529]
	Ordinal0 [0x00830359+525145]
	Ordinal0 [0x007C0B77+68471]
	Ordinal0 [0x007BD32C+54060]
	Ordinal0 [0x007DCC37+183351]
	Ordinal0 [0x007DCA3D+182845]
	Ordinal0 [0x007DA94B+174411]
	Ordinal0 [0x007C2528+75048]
	Ordinal0 [0x007C35A0+79264]
	Ordinal0 [0x007C3539+79161]
	Ordinal0 [0x0095D607+1758727]
	GetHandleVerifier [0x00B66546+1050150]
	GetHandleVerifier [0x00B66291+1049457]
	GetHandleVerifier [0x00B710D7+1094071]
	GetHandleVerifier [0x00B66B46+1051686]
	Ordinal0 [0x00955B06+1727238]
	Ordinal0 [0x0095EB7B+1764219]
	Ordinal0 [0x0095ECE3+1764579]
	Ordinal0 [0x00974C05+1854469]
	BaseThreadInitThunk [0x778FF989+25]
	RtlGetAppContainerNamedObjectPath [0x77DA74A4+228]
	RtlGetAppContainerNamedObjectPath [0x77DA7474+180]
">
      <![CDATA[org.openqa.selenium.SessionNotCreatedException: session not created: This version of ChromeDriver only supports Chrome version 83
Build info: version: '3.141.59', revision: 'e82be7d358', time: '2018-11-14T08:25:53'
System info: host: 'DESKTOP-Q496GAK', ip: '172.16.5.137', os.name: 'Windows 10', os.arch: 'amd64', os.version: '10.0', java.version: '1.8.0_201'
Driver info: driver.version: ChromeDriver
remote stacktrace: Backtrace:
Ordinal0 [0x00A49563+2725219]
Ordinal0 [0x00948551+1672529]
Ordinal0 [0x00830359+525145]
Ordinal0 [0x007C0B77+68471]
Ordinal0 [0x007BD32C+54060]
Ordinal0 [0x007DCC37+183351]
Ordinal0 [0x007DCA3D+182845]
Ordinal0 [0x007DA94B+174411]
Ordinal0 [0x007C2528+75048]
Ordinal0 [0x007C35A0+79264]
Ordinal0 [0x007C3539+79161]
Ordinal0 [0x0095D607+1758727]
GetHandleVerifier [0x00B66546+1050150]
GetHandleVerifier [0x00B66291+1049457]
GetHandleVerifier [0x00B710D7+1094071]
GetHandleVerifier [0x00B66B46+1051686]
Ordinal0 [0x00955B06+1727238]
Ordinal0 [0x0095EB7B+1764219]
Ordinal0 [0x0095ECE3+1764579]
Ordinal0 [0x00974C05+1854469]
BaseThreadInitThunk [0x778FF989+25]
RtlGetAppContainerNamedObjectPath [0x77DA74A4+228]
RtlGetAppContainerNamedObjectPath [0x77DA7474+180]

at sun.reflect.NativeConstructorAccessorImpl.newInstance0(Native Method)
at sun.reflect.NativeConstructorAccessorImpl.newInstance(Unknown Source)
at sun.reflect.DelegatingConstructorAccessorImpl.newInstance(Unknown Source)
at java.lang.reflect.Constructor.newInstance(Unknown Source)
at org.openqa.selenium.remote.W3CHandshakeResponse.lambda$errorHandler$0(W3CHandshakeResponse.java:62)
at org.openqa.selenium.remote.HandshakeResponse.lambda$getResponseFunction$0(HandshakeResponse.java:30)
at org.openqa.selenium.remote.ProtocolHandshake.lambda$createSession$0(ProtocolHandshake.java:126)
at java.util.stream.ReferencePipeline$3$1.accept(Unknown Source)
at java.util.Spliterators$ArraySpliterator.tryAdvance(Unknown Source)
at java.util.stream.ReferencePipeline.forEachWithCancel(Unknown Source)
at java.util.stream.AbstractPipeline.copyIntoWithCancel(Unknown Source)
at java.util.stream.AbstractPipeline.copyInto(Unknown Source)
at java.util.stream.AbstractPipeline.wrapAndCopyInto(Unknown Source)
at java.util.stream.FindOps$FindOp.evaluateSequential(Unknown Source)
at java.util.stream.AbstractPipeline.evaluate(Unknown Source)
at java.util.stream.ReferencePipeline.findFirst(Unknown Source)
at org.openqa.selenium.remote.ProtocolHandshake.createSession(ProtocolHandshake.java:128)
at org.openqa.selenium.remote.ProtocolHandshake.createSession(ProtocolHandshake.java:74)
at org.openqa.selenium.remote.HttpCommandExecutor.execute(HttpCommandExecutor.java:136)
at org.openqa.selenium.remote.service.DriverCommandExecutor.execute(DriverCommandExecutor.java:83)
at org.openqa.selenium.remote.RemoteWebDriver.execute(RemoteWebDriver.java:552)
at org.openqa.selenium.remote.RemoteWebDriver.startSession(RemoteWebDriver.java:213)
at org.openqa.selenium.remote.RemoteWebDriver.<init>(RemoteWebDriver.java:131)
at org.openqa.selenium.chrome.ChromeDriver.<init>(ChromeDriver.java:181)
at org.openqa.selenium.chrome.ChromeDriver.<init>(ChromeDriver.java:168)
at org.openqa.selenium.chrome.ChromeDriver.<init>(ChromeDriver.java:123)
at com.ocr.qa.base.TestBase.initialization(TestBase.java:46)
at com.ocr.qa.tests.SelectWhoAreYouPageTest.SelectWhoAreYouPage_SetupMethod(SelectWhoAreYouPageTest.java:33)
at sun.reflect.NativeMethodAccessorImpl.invoke0(Native Method)
at sun.reflect.NativeMethodAccessorImpl.invoke(Unknown Source)
at sun.reflect.DelegatingMethodAccessorImpl.invoke(Unknown Source)
at java.lang.reflect.Method.invoke(Unknown Source)
at org.testng.internal.MethodInvocationHelper.invokeMethod(MethodInvocationHelper.java:124)
at org.testng.internal.MethodInvocationHelper.invokeMethodConsideringTimeout(MethodInvocationHelper.java:59)
at org.testng.internal.Invoker.invokeConfigurationMethod(Invoker.java:458)
at org.testng.internal.Invoker.invokeConfigurations(Invoker.java:222)
at org.testng.internal.Invoker.invokeMethod(Invoker.java:523)
at org.testng.internal.Invoker.invokeTestMethod(Invoker.java:719)
at org.testng.internal.Invoker.invokeTestMethods(Invoker.java:989)
at org.testng.internal.TestMethodWorker.invokeTestMethods(TestMethodWorker.java:125)
at org.testng.internal.TestMethodWorker.run(TestMethodWorker.java:109)
at org.testng.TestRunner.privateRun(TestRunner.java:648)
at org.testng.TestRunner.run(TestRunner.java:505)
at org.testng.SuiteRunner.runTest(SuiteRunner.java:455)
at org.testng.SuiteRunner.runSequentially(SuiteRunner.java:450)
at org.testng.SuiteRunner.privateRun(SuiteRunner.java:415)
at org.testng.SuiteRunner.run(SuiteRunner.java:364)
at org.testng.SuiteRunnerWorker.runSuite(SuiteRunnerWorker.java:52)
at org.testng.SuiteRunnerWorker.run(SuiteRunnerWorker.java:84)
at org.testng.TestNG.runSuitesSequentially(TestNG.java:1208)
at org.testng.TestNG.runSuitesLocally(TestNG.java:1137)
at org.testng.TestNG.runSuites(TestNG.java:1049)
at org.testng.TestNG.run(TestNG.java:1017)
at org.testng.remote.AbstractRemoteTestNG.run(AbstractRemoteTestNG.java:114)
at org.testng.remote.RemoteTestNG.initAndRun(RemoteTestNG.java:251)
at org.testng.remote.RemoteTestNG.main(RemoteTestNG.java:77)
]]>
    </failure>
  </testcase> <!-- @BeforeMethod SelectWhoAreYouPage_SetupMethod -->
  <testcase name="@AfterMethod TestCase_QuitMethod" time="0.0" classname="com.ocr.qa.tests.SelectWhoAreYouPageTest">
    <skipped/>
  </testcase> <!-- @AfterMethod TestCase_QuitMethod -->
  <testcase name="@BeforeMethod SelectWhoAreYouPage_SetupMethod" time="0.0" classname="com.ocr.qa.tests.SelectWhoAreYouPageTest">
    <skipped/>
  </testcase> <!-- @BeforeMethod SelectWhoAreYouPage_SetupMethod -->
  <testcase name="@AfterMethod TestCase_QuitMethod" time="0.0" classname="com.ocr.qa.tests.SelectWhoAreYouPageTest">
    <skipped/>
  </testcase> <!-- @AfterMethod TestCase_QuitMethod -->
  <testcase name="@BeforeMethod SelectWhoAreYouPage_SetupMethod" time="0.0" classname="com.ocr.qa.tests.SelectWhoAreYouPageTest">
    <skipped/>
  </testcase> <!-- @BeforeMethod SelectWhoAreYouPage_SetupMethod -->
  <testcase name="@AfterMethod TestCase_QuitMethod" time="0.0" classname="com.ocr.qa.tests.SelectWhoAreYouPageTest">
    <skipped/>
  </testcase> <!-- @AfterMethod TestCase_QuitMethod -->
  <testcase name="@BeforeMethod SelectWhoAreYouPage_SetupMethod" time="0.0" classname="com.ocr.qa.tests.SelectWhoAreYouPageTest">
    <skipped/>
  </testcase> <!-- @BeforeMethod SelectWhoAreYouPage_SetupMethod -->
  <testcase name="@AfterMethod TestCase_QuitMethod" time="0.0" classname="com.ocr.qa.tests.SelectWhoAreYouPageTest">
    <skipped/>
  </testcase> <!-- @AfterMethod TestCase_QuitMethod -->
  <testcase name="@BeforeMethod SelectWhoAreYouPage_SetupMethod" time="0.0" classname="com.ocr.qa.tests.SelectWhoAreYouPageTest">
    <skipped/>
  </testcase> <!-- @BeforeMethod SelectWhoAreYouPage_SetupMethod -->
  <testcase name="@AfterMethod TestCase_QuitMethod" time="0.0" classname="com.ocr.qa.tests.SelectWhoAreYouPageTest">
    <skipped/>
  </testcase> <!-- @AfterMethod TestCase_QuitMethod -->
  <testcase name="@BeforeMethod SelectWhoAreYouPage_SetupMethod" time="0.0" classname="com.ocr.qa.tests.SelectWhoAreYouPageTest">
    <skipped/>
  </testcase> <!-- @BeforeMethod SelectWhoAreYouPage_SetupMethod -->
  <testcase name="@AfterMethod TestCase_QuitMethod" time="0.0" classname="com.ocr.qa.tests.SelectWhoAreYouPageTest">
    <skipped/>
  </testcase> <!-- @AfterMethod TestCase_QuitMethod -->
  <testcase name="SelectWhoYouAre_PageOpensUpOnOpenningURL" time="0.0" classname="com.ocr.qa.tests.SelectWhoAreYouPageTest">
    <skipped/>
  </testcase> <!-- SelectWhoYouAre_PageOpensUpOnOpenningURL -->
  <testcase name="OneClickReferral_ImageLogoAppersOnSelectWhoYouArePage" time="0.0" classname="com.ocr.qa.tests.SelectWhoAreYouPageTest">
    <skipped/>
  </testcase> <!-- OneClickReferral_ImageLogoAppersOnSelectWhoYouArePage -->
  <testcase name="CorrectInformationMessageAppears_OnEnteringNonExistingDetailsInSearchField" time="0.0" classname="com.ocr.qa.tests.SelectWhoAreYouPageTest">
    <skipped/>
  </testcase> <!-- CorrectInformationMessageAppears_OnEnteringNonExistingDetailsInSearchField -->
  <testcase name="DentistNameAppears_OnEnteringExistingDetailsInSearchField" time="0.0" classname="com.ocr.qa.tests.SelectWhoAreYouPageTest">
    <skipped/>
  </testcase> <!-- DentistNameAppears_OnEnteringExistingDetailsInSearchField -->
  <testcase name="PricingOneClickSignUpPage_OpensUpOnClickingSignUplink" time="0.0" classname="com.ocr.qa.tests.SelectWhoAreYouPageTest">
    <skipped/>
  </testcase> <!-- PricingOneClickSignUpPage_OpensUpOnClickingSignUplink -->
  <testcase name="LoginPageOpensUp_OnClickingLoginlink" time="0.0" classname="com.ocr.qa.tests.SelectWhoAreYouPageTest">
    <skipped/>
  </testcase> <!-- LoginPageOpensUp_OnClickingLoginlink -->
</testsuite> <!-- Default test -->
