<?xml version="1.0" encoding="UTF-8"?>
<!-- Generated by org.testng.reporters.JUnitXMLReporter -->
<testsuite hostname="DESKTOP-Q496GAK" ignored="0" name="Test" tests="5" failures="0" timestamp="10 Sep 2020 12:27:20 GMT" time="7.241" errors="0">
  <testcase name="@BeforeMethod DashboardPage_SetupMethod" time="7.156" classname="com.ocr.qa.tests.DashboardpageTest">
    <failure type="org.openqa.selenium.WebDriverException" message="unknown error: net::ERR_INTERNET_DISCONNECTED
  (Session info: chrome=85.0.4183.83)
Build info: version: &amp;apos;3.141.59&amp;apos;, revision: &amp;apos;e82be7d358&amp;apos;, time: &amp;apos;2018-11-14T08:25:53&amp;apos;
System info: host: &amp;apos;DESKTOP-Q496GAK&amp;apos;, ip: &amp;apos;127.0.0.1&amp;apos;, os.name: &amp;apos;Windows 10&amp;apos;, os.arch: &amp;apos;amd64&amp;apos;, os.version: &amp;apos;10.0&amp;apos;, java.version: &amp;apos;1.8.0_201&amp;apos;
Driver info: org.openqa.selenium.chrome.ChromeDriver
Capabilities {acceptInsecureCerts: false, browserName: chrome, browserVersion: 85.0.4183.83, chrome: {chromedriverVersion: 85.0.4183.87 (cd6713ebf92fa..., userDataDir: C:\Users\Lenovo\AppData\Loc...}, goog:chromeOptions: {debuggerAddress: localhost:63423}, javascriptEnabled: true, networkConnectionEnabled: false, pageLoadStrategy: normal, platform: WINDOWS, platformName: WINDOWS, proxy: Proxy(), setWindowRect: true, strictFileInteractability: false, timeouts: {implicit: 0, pageLoad: 300000, script: 30000}, unhandledPromptBehavior: dismiss and notify, webauthn:virtualAuthenticators: true}
Session ID: 08175d8303633cce954404a72ea75c2a">
      <![CDATA[org.openqa.selenium.WebDriverException: unknown error: net::ERR_INTERNET_DISCONNECTED
  (Session info: chrome=85.0.4183.83)
Build info: version: '3.141.59', revision: 'e82be7d358', time: '2018-11-14T08:25:53'
System info: host: 'DESKTOP-Q496GAK', ip: '127.0.0.1', os.name: 'Windows 10', os.arch: 'amd64', os.version: '10.0', java.version: '1.8.0_201'
Driver info: org.openqa.selenium.chrome.ChromeDriver
Capabilities {acceptInsecureCerts: false, browserName: chrome, browserVersion: 85.0.4183.83, chrome: {chromedriverVersion: 85.0.4183.87 (cd6713ebf92fa..., userDataDir: C:\Users\Lenovo\AppData\Loc...}, goog:chromeOptions: {debuggerAddress: localhost:63423}, javascriptEnabled: true, networkConnectionEnabled: false, pageLoadStrategy: normal, platform: WINDOWS, platformName: WINDOWS, proxy: Proxy(), setWindowRect: true, strictFileInteractability: false, timeouts: {implicit: 0, pageLoad: 300000, script: 30000}, unhandledPromptBehavior: dismiss and notify, webauthn:virtualAuthenticators: true}
Session ID: 08175d8303633cce954404a72ea75c2a
at org.openqa.selenium.remote.http.W3CHttpResponseCodec.createException(W3CHttpResponseCodec.java:187)
at org.openqa.selenium.remote.http.W3CHttpResponseCodec.decode(W3CHttpResponseCodec.java:122)
at org.openqa.selenium.remote.http.W3CHttpResponseCodec.decode(W3CHttpResponseCodec.java:49)
at org.openqa.selenium.remote.HttpCommandExecutor.execute(HttpCommandExecutor.java:158)
at org.openqa.selenium.remote.service.DriverCommandExecutor.execute(DriverCommandExecutor.java:83)
at org.openqa.selenium.remote.RemoteWebDriver.execute(RemoteWebDriver.java:552)
at org.openqa.selenium.remote.RemoteWebDriver.get(RemoteWebDriver.java:277)
at com.ocr.qa.base.TestBase.initialization(TestBase.java:58)
at com.ocr.qa.tests.DashboardpageTest.DashboardPage_SetupMethod(DashboardpageTest.java:38)
... Removed 32 stack frames]]>
    </failure>
  </testcase> <!-- @BeforeMethod DashboardPage_SetupMethod -->
  <testcase name="@AfterMethod TestCase_QuitMethod" time="0.0" classname="com.ocr.qa.tests.DashboardpageTest">
    <skipped/>
  </testcase> <!-- @AfterMethod TestCase_QuitMethod -->
  <testcase name="@BeforeMethod DashboardPage_SetupMethod" time="0.0" classname="com.ocr.qa.tests.DashboardpageTest">
    <skipped/>
  </testcase> <!-- @BeforeMethod DashboardPage_SetupMethod -->
  <testcase name="@AfterMethod TestCase_QuitMethod" time="0.0" classname="com.ocr.qa.tests.DashboardpageTest">
    <skipped/>
  </testcase> <!-- @AfterMethod TestCase_QuitMethod -->
  <testcase name="@BeforeMethod DashboardPage_SetupMethod" time="0.0" classname="com.ocr.qa.tests.DashboardpageTest">
    <skipped/>
  </testcase> <!-- @BeforeMethod DashboardPage_SetupMethod -->
  <testcase name="@AfterMethod TestCase_QuitMethod" time="0.0" classname="com.ocr.qa.tests.DashboardpageTest">
    <skipped/>
  </testcase> <!-- @AfterMethod TestCase_QuitMethod -->
  <testcase name="@BeforeMethod DashboardPage_SetupMethod" time="0.0" classname="com.ocr.qa.tests.DashboardpageTest">
    <skipped/>
  </testcase> <!-- @BeforeMethod DashboardPage_SetupMethod -->
  <testcase name="@AfterMethod TestCase_QuitMethod" time="0.0" classname="com.ocr.qa.tests.DashboardpageTest">
    <skipped/>
  </testcase> <!-- @AfterMethod TestCase_QuitMethod -->
  <testcase name="@BeforeMethod DashboardPage_SetupMethod" time="0.0" classname="com.ocr.qa.tests.DashboardpageTest">
    <skipped/>
  </testcase> <!-- @BeforeMethod DashboardPage_SetupMethod -->
  <testcase name="@AfterMethod TestCase_QuitMethod" time="0.0" classname="com.ocr.qa.tests.DashboardpageTest">
    <skipped/>
  </testcase> <!-- @AfterMethod TestCase_QuitMethod -->
  <testcase name="OCRImageLogoAppearsOnTheHeader_OfDashboardPage" time="0.0" classname="com.ocr.qa.tests.DashboardpageTest">
    <skipped/>
  </testcase> <!-- OCRImageLogoAppearsOnTheHeader_OfDashboardPage -->
  <testcase name="UsernameAppearsOnTheHeader_OfDashboardPage" time="0.0" classname="com.ocr.qa.tests.DashboardpageTest">
    <skipped/>
  </testcase> <!-- UsernameAppearsOnTheHeader_OfDashboardPage -->
  <testcase name="CorrectPatientsTabNameAppearsOnTheHeader_OfDashboardPage" time="0.0" classname="com.ocr.qa.tests.DashboardpageTest">
    <skipped/>
  </testcase> <!-- CorrectPatientsTabNameAppearsOnTheHeader_OfDashboardPage -->
  <testcase name="CorrectReferralsTabNameAppearsOnTheHeader_OfDashboardPage" time="0.0" classname="com.ocr.qa.tests.DashboardpageTest">
    <skipped/>
  </testcase> <!-- CorrectReferralsTabNameAppearsOnTheHeader_OfDashboardPage -->
  <testcase name="CorrectColleaguesTabNameAppearsOnTheHeader_OfDashboardPage" time="0.0" classname="com.ocr.qa.tests.DashboardpageTest">
    <skipped/>
  </testcase> <!-- CorrectColleaguesTabNameAppearsOnTheHeader_OfDashboardPage -->
</testsuite> <!-- Test -->
