<?xml version="1.0" encoding="UTF-8"?>
<!-- Generated by org.testng.reporters.JUnitReportReporter -->
<testsuite name="com.ocr.qa.tests.SendReferralpageTest" tests="24" time="5683.163" ignored="0" failures="0" timestamp="15 May 2020 08:40:21 GMT" skipped="0" hostname="Droid-7-PC" errors="2">
  <testcase name="TermsAndConditionsPage_OpensUpOnClickingTermsConditionsLinkOnTheFooter" time="228.698" classname="com.ocr.qa.tests.SendReferralpageTest"/>
  <testcase name="SendReferralPageOpensUpOnClicking_SendReferralBtnOnTheHeader" time="186.079" classname="com.ocr.qa.tests.SendReferralpageTest"/>
  <testcase name="YoutubePageOpensUp_InNewBrowserTabOnClickingDEMOLinkOnTheHeader" time="184.523" classname="com.ocr.qa.tests.SendReferralpageTest"/>
  <testcase name="ReferredReceivedDentistLocationAppears_InLocationDropdown" time="231.825" classname="com.ocr.qa.tests.SendReferralpageTest"/>
  <testcase name="TextfieldOpensUpAfterCheckingRespectiveCheckbox_UnderMedicalHistorySection" time="271.688" classname="com.ocr.qa.tests.SendReferralpageTest"/>
  <testcase name="PatientDetailsAppearOnEnteringExistingDetails_InSearchFieldsUnderSelectPatientSection" time="155.599" classname="com.ocr.qa.tests.SendReferralpageTest"/>
  <testcase name="SendReferralOnClicking_SendReferralButton" time="283.585" classname="com.ocr.qa.tests.SendReferralpageTest"/>
  <testcase name="TextFieldOpensUpOnClicking_AnySubServiceUnderAnyServices" time="299.058" classname="com.ocr.qa.tests.SendReferralpageTest"/>
  <testcase name="SelectWhoYouArePage_OpensUpOnClickingSIGNOUTlink" time="258.848" classname="com.ocr.qa.tests.SendReferralpageTest"/>
  <testcase name="DeleteAttachedFileOnClicking_DeleteIconUnderAttachedFilesSection" time="231.965" classname="com.ocr.qa.tests.SendReferralpageTest"/>
  <testcase name="SelectedPatientDetailsAppearAutofill_OnSendReferralPage" time="201.442" classname="com.ocr.qa.tests.SendReferralpageTest"/>
  <testcase name="AttachValidFiles_UnderAttachedFilesSection" time="286.024" classname="com.ocr.qa.tests.SendReferralpageTest"/>
  <testcase name="UnselectAlreadySelectedPatient_UnderSelectPatientSection" time="190.119" classname="com.ocr.qa.tests.SendReferralpageTest"/>
  <testcase name="ValidationMsgAppearsOnUploadingInvalid_BINFileAndDLLFileUnderAttachedFilesSection" time="306.345" classname="com.ocr.qa.tests.SendReferralpageTest"/>
  <testcase name="YoutubePageOpensUpIn_NewBrowserTabOnClickingDEMOLinkOnTheFooter" time="175.097" classname="com.ocr.qa.tests.SendReferralpageTest"/>
  <testcase name="SelectDentistFromSendFromAnd_SendToDropdownUnderSendReferralPage" time="262.980" classname="com.ocr.qa.tests.SendReferralpageTest"/>
  <testcase name="PrivacyPolicyPage_OpensUpOnClickingPrivacyPolicyLinkOnTheFooter" time="236.685" classname="com.ocr.qa.tests.SendReferralpageTest"/>
  <testcase name="ContactUSPage_OpensUpOnClickingSupportLinkOnTheFooter" time="256.966" classname="com.ocr.qa.tests.SendReferralpageTest"/>
  <testcase name="DownloadAttachedFileOnClickingDownloadIcon_UnderAttachedFilesSection" time="310.193" classname="com.ocr.qa.tests.SendReferralpageTest"/>
  <testcase name="ValidationMsgAppearsOnLeavingMandatoryFieldsBlank_OnSendReferraLPage" time="158.003" classname="com.ocr.qa.tests.SendReferralpageTest"/>
  <testcase name="SelectWhoYouArePage_OpensUpOnClickingSignOutLinkOnTheFooter" time="213.615" classname="com.ocr.qa.tests.SendReferralpageTest"/>
  <testcase name="ReferralsPageOpensUp_InNewBrowserTabOnClickingDASHBOARDLinkOnTheHeader" time="261.981" classname="com.ocr.qa.tests.SendReferralpageTest"/>
  <testcase name="EnterDetailsUnder_DentalInsuranceSectionAndDentalHistorySection" time="274.526" classname="com.ocr.qa.tests.SendReferralpageTest">
    <error type="junit.framework.ComparisonFailure" message="PRIMARY INSURANCE COMPANY NAME MISMATCHED expected:&lt;[NUtentcomp]&gt; but was:&lt;[Administrative Services Only (ASO)]&gt;">
      <![CDATA[junit.framework.ComparisonFailure: PRIMARY INSURANCE COMPANY NAME MISMATCHED expected:<[NUtentcomp]> but was:<[Administrative Services Only (ASO)]>
	at junit.framework.Assert.assertEquals(Assert.java:81)
	at com.ocr.qa.tests.SendReferralpageTest.EnterDetailsUnder_DentalInsuranceSectionAndDentalHistorySection(SendReferralpageTest.java:662)
	at sun.reflect.NativeMethodAccessorImpl.invoke0(Native Method)
	at sun.reflect.NativeMethodAccessorImpl.invoke(NativeMethodAccessorImpl.java:62)
	at sun.reflect.DelegatingMethodAccessorImpl.invoke(DelegatingMethodAccessorImpl.java:43)
	at java.lang.reflect.Method.invoke(Method.java:498)
	at org.testng.internal.MethodInvocationHelper.invokeMethod(MethodInvocationHelper.java:104)
	at org.testng.internal.Invoker.invokeMethod(Invoker.java:645)
	at org.testng.internal.Invoker.invokeTestMethod(Invoker.java:851)
	at org.testng.internal.Invoker.invokeTestMethods(Invoker.java:1177)
	at org.testng.internal.TestMethodWorker.invokeTestMethods(TestMethodWorker.java:129)
	at org.testng.internal.TestMethodWorker.run(TestMethodWorker.java:112)
	at org.testng.TestRunner.privateRun(TestRunner.java:756)
	at org.testng.TestRunner.run(TestRunner.java:610)
	at org.testng.SuiteRunner.runTest(SuiteRunner.java:387)
	at org.testng.SuiteRunner.runSequentially(SuiteRunner.java:382)
	at org.testng.SuiteRunner.privateRun(SuiteRunner.java:340)
	at org.testng.SuiteRunner.run(SuiteRunner.java:289)
	at org.testng.SuiteRunnerWorker.runSuite(SuiteRunnerWorker.java:52)
	at org.testng.SuiteRunnerWorker.run(SuiteRunnerWorker.java:86)
	at org.testng.TestNG.runSuitesSequentially(TestNG.java:1293)
	at org.testng.TestNG.runSuitesLocally(TestNG.java:1218)
	at org.testng.TestNG.runSuites(TestNG.java:1133)
	at org.testng.TestNG.run(TestNG.java:1104)
	at org.testng.remote.AbstractRemoteTestNG.run(AbstractRemoteTestNG.java:126)
	at org.testng.remote.RemoteTestNG.initAndRun(RemoteTestNG.java:137)
	at org.testng.remote.RemoteTestNG.main(RemoteTestNG.java:58)
]]>
    </error>
  </testcase> <!-- EnterDetailsUnder_DentalInsuranceSectionAndDentalHistorySection -->
  <testcase name="AboutUsPageOpensUp_OnClickingAboutUsLinkOnTheFooter" time="217.319" classname="com.ocr.qa.tests.SendReferralpageTest">
    <error type="junit.framework.ComparisonFailure" message="TITLE MISMATCHED OR INCORRECT PAGE OPENS UP expected:&lt;About[us-OneClickReferrals]&gt; but was:&lt;About[ RecordLinc Started to improve patient care and dentist to dentists communication]&gt;">
      <![CDATA[junit.framework.ComparisonFailure: TITLE MISMATCHED OR INCORRECT PAGE OPENS UP expected:<About[us-OneClickReferrals]> but was:<About[ RecordLinc Started to improve patient care and dentist to dentists communication]>
	at junit.framework.Assert.assertEquals(Assert.java:81)
	at com.ocr.qa.tests.SendReferralpageTest.AboutUsPageOpensUp_OnClickingAboutUsLinkOnTheFooter(SendReferralpageTest.java:1138)
	at sun.reflect.NativeMethodAccessorImpl.invoke0(Native Method)
	at sun.reflect.NativeMethodAccessorImpl.invoke(NativeMethodAccessorImpl.java:62)
	at sun.reflect.DelegatingMethodAccessorImpl.invoke(DelegatingMethodAccessorImpl.java:43)
	at java.lang.reflect.Method.invoke(Method.java:498)
	at org.testng.internal.MethodInvocationHelper.invokeMethod(MethodInvocationHelper.java:104)
	at org.testng.internal.Invoker.invokeMethod(Invoker.java:645)
	at org.testng.internal.Invoker.invokeTestMethod(Invoker.java:851)
	at org.testng.internal.Invoker.invokeTestMethods(Invoker.java:1177)
	at org.testng.internal.TestMethodWorker.invokeTestMethods(TestMethodWorker.java:129)
	at org.testng.internal.TestMethodWorker.run(TestMethodWorker.java:112)
	at org.testng.TestRunner.privateRun(TestRunner.java:756)
	at org.testng.TestRunner.run(TestRunner.java:610)
	at org.testng.SuiteRunner.runTest(SuiteRunner.java:387)
	at org.testng.SuiteRunner.runSequentially(SuiteRunner.java:382)
	at org.testng.SuiteRunner.privateRun(SuiteRunner.java:340)
	at org.testng.SuiteRunner.run(SuiteRunner.java:289)
	at org.testng.SuiteRunnerWorker.runSuite(SuiteRunnerWorker.java:52)
	at org.testng.SuiteRunnerWorker.run(SuiteRunnerWorker.java:86)
	at org.testng.TestNG.runSuitesSequentially(TestNG.java:1293)
	at org.testng.TestNG.runSuitesLocally(TestNG.java:1218)
	at org.testng.TestNG.runSuites(TestNG.java:1133)
	at org.testng.TestNG.run(TestNG.java:1104)
	at org.testng.remote.AbstractRemoteTestNG.run(AbstractRemoteTestNG.java:126)
	at org.testng.remote.RemoteTestNG.initAndRun(RemoteTestNG.java:137)
	at org.testng.remote.RemoteTestNG.main(RemoteTestNG.java:58)
]]>
    </error>
  </testcase> <!-- AboutUsPageOpensUp_OnClickingAboutUsLinkOnTheFooter -->
</testsuite> <!-- com.ocr.qa.tests.SendReferralpageTest -->
